<?xml version="1.0" encoding="UTF-8"?>
<testsuite name="computation.ComputationTestAddSubstract" tests="4" skipped="0" failures="0" errors="0" timestamp="2019-01-23T18:15:21" hostname="Nayems-MacBook-Pro.local" time="0.006">
  <properties/>
  <testcase name="testAdd" classname="computation.ComputationTestAddSubstract" time="0.0"/>
  <testcase name="testSubstract" classname="computation.ComputationTestAddSubstract" time="0.001"/>
  <testcase name="testAdd" classname="computation.ComputationTestAddSubstract" time="0.0"/>
  <testcase name="testSubstract" classname="computation.ComputationTestAddSubstract" time="0.0"/>
  <system-out><![CDATA[]]></system-out>
  <system-err><![CDATA[]]></system-err>
</testsuite>
