<?xml version="1.0" encoding="UTF-8"?>
<testsuite name="computation.ComputationTestDivideMultiply" tests="4" skipped="0" failures="0" errors="0" timestamp="2019-01-23T18:15:21" hostname="Nayems-MacBook-Pro.local" time="0.015">
  <properties/>
  <testcase name="testDivide" classname="computation.ComputationTestDivideMultiply" time="0.001"/>
  <testcase name="testMultiply" classname="computation.ComputationTestDivideMultiply" time="0.0"/>
  <testcase name="testDivide" classname="computation.ComputationTestDivideMultiply" time="0.0"/>
  <testcase name="testMultiply" classname="computation.ComputationTestDivideMultiply" time="0.0"/>
  <system-out><![CDATA[]]></system-out>
  <system-err><![CDATA[]]></system-err>
</testsuite>
